{"/home/julien/which-one-battle-api/src/app.ts": {"path":"/home/julien/which-one-battle-api/src/app.ts","statementMap":{"0":{"start":{"line":1,"column":0},"end":{"line":1,"column":28}},"1":{"start":{"line":2,"column":0},"end":{"line":2,"column":30}},"2":{"start":{"line":3,"column":0},"end":{"line":3,"column":24}},"3":{"start":{"line":4,"column":0},"end":{"line":4,"column":28}},"4":{"start":{"line":5,"column":0},"end":{"line":5,"column":46}},"5":{"start":{"line":6,"column":0},"end":{"line":6,"column":50}},"6":{"start":{"line":7,"column":0},"end":{"line":7,"column":16}},"7":{"start":{"line":9,"column":12},"end":{"line":9,"column":21}},"8":{"start":{"line":11,"column":0},"end":{"line":11,"column":24}},"9":{"start":{"line":12,"column":0},"end":{"line":12,"column":48}},"10":{"start":{"line":13,"column":0},"end":{"line":13,"column":18}},"11":{"start":{"line":14,"column":0},"end":{"line":14,"column":16}},"12":{"start":{"line":16,"column":0},"end":{"line":16,"column":34}},"13":{"start":{"line":17,"column":0},"end":{"line":17,"column":38}},"14":{"start":{"line":19,"column":0},"end":{"line":21,"column":3}},"15":{"start":{"line":20,"column":2},"end":{"line":20,"column":26}},"16":{"start":{"line":23,"column":0},"end":{"line":23,"column":19}}},"fnMap":{"0":{"name":"(anonymous_1)","decl":{"start":{"line":19,"column":13},"end":{"line":19,"column":14}},"loc":{"start":{"line":19,"column":26},"end":{"line":21,"column":1}}}},"branchMap":{},"s":{"0":2,"1":2,"2":2,"3":2,"4":2,"5":2,"6":2,"7":2,"8":2,"9":2,"10":2,"11":2,"12":2,"13":2,"14":2,"15":0,"16":2},"f":{"0":0},"b":{}}
,"/home/julien/which-one-battle-api/src/controllers/battleController.ts": {"path":"/home/julien/which-one-battle-api/src/controllers/battleController.ts","statementMap":{"0":{"start":{"line":1,"column":0},"end":{"line":1,"column":44}},"1":{"start":{"line":10,"column":4},"end":{"line":17,"column":5}},"2":{"start":{"line":11,"column":22},"end":{"line":12,"column":null}},"3":{"start":{"line":14,"column":6},"end":{"line":14,"column":36}},"4":{"start":{"line":16,"column":6},"end":{"line":16,"column":47}},"5":{"start":{"line":21,"column":4},"end":{"line":31,"column":5}},"6":{"start":{"line":22,"column":21},"end":{"line":23,"column":null}},"7":{"start":{"line":25,"column":6},"end":{"line":27,"column":7}},"8":{"start":{"line":26,"column":8},"end":{"line":26,"column":69}},"9":{"start":{"line":28,"column":6},"end":{"line":28,"column":35}},"10":{"start":{"line":30,"column":6},"end":{"line":30,"column":47}},"11":{"start":{"line":35,"column":4},"end":{"line":42,"column":5}},"12":{"start":{"line":36,"column":21},"end":{"line":36,"column":41}},"13":{"start":{"line":38,"column":6},"end":{"line":38,"column":26}},"14":{"start":{"line":39,"column":6},"end":{"line":39,"column":35}},"15":{"start":{"line":41,"column":6},"end":{"line":41,"column":47}},"16":{"start":{"line":46,"column":4},"end":{"line":64,"column":5}},"17":{"start":{"line":47,"column":19},"end":{"line":53,"column":53}},"18":{"start":{"line":55,"column":6},"end":{"line":57,"column":7}},"19":{"start":{"line":56,"column":8},"end":{"line":56,"column":69}},"20":{"start":{"line":59,"column":6},"end":{"line":59,"column":20}},"21":{"start":{"line":61,"column":6},"end":{"line":61,"column":35}},"22":{"start":{"line":63,"column":6},"end":{"line":63,"column":47}},"23":{"start":{"line":68,"column":4},"end":{"line":78,"column":5}},"24":{"start":{"line":69,"column":21},"end":{"line":71,"column":54}},"25":{"start":{"line":72,"column":6},"end":{"line":74,"column":7}},"26":{"start":{"line":73,"column":8},"end":{"line":73,"column":69}},"27":{"start":{"line":75,"column":6},"end":{"line":75,"column":35}},"28":{"start":{"line":77,"column":6},"end":{"line":77,"column":47}},"29":{"start":{"line":82,"column":0},"end":{"line":82,"column":32}}},"fnMap":{"0":{"name":"(anonymous_8)","decl":{"start":{"line":9,"column":8},"end":{"line":9,"column":14}},"loc":{"start":{"line":9,"column":42},"end":{"line":18,"column":null}}},"1":{"name":"(anonymous_10)","decl":{"start":{"line":20,"column":8},"end":{"line":20,"column":14}},"loc":{"start":{"line":20,"column":42},"end":{"line":32,"column":null}}},"2":{"name":"(anonymous_12)","decl":{"start":{"line":34,"column":8},"end":{"line":34,"column":14}},"loc":{"start":{"line":34,"column":42},"end":{"line":43,"column":null}}},"3":{"name":"(anonymous_14)","decl":{"start":{"line":45,"column":8},"end":{"line":45,"column":14}},"loc":{"start":{"line":45,"column":42},"end":{"line":65,"column":null}}},"4":{"name":"(anonymous_16)","decl":{"start":{"line":67,"column":8},"end":{"line":67,"column":14}},"loc":{"start":{"line":67,"column":42},"end":{"line":79,"column":null}}}},"branchMap":{"0":{"loc":{"start":{"line":25,"column":6},"end":{"line":27,"column":7}},"type":"if","locations":[{"start":{"line":25,"column":6},"end":{"line":27,"column":7}}]},"1":{"loc":{"start":{"line":55,"column":6},"end":{"line":57,"column":7}},"type":"if","locations":[{"start":{"line":55,"column":6},"end":{"line":57,"column":7}}]},"2":{"loc":{"start":{"line":72,"column":6},"end":{"line":74,"column":7}},"type":"if","locations":[{"start":{"line":72,"column":6},"end":{"line":74,"column":7}}]}},"s":{"0":2,"1":1,"2":1,"3":1,"4":0,"5":1,"6":1,"7":1,"8":0,"9":1,"10":0,"11":1,"12":1,"13":1,"14":1,"15":0,"16":1,"17":1,"18":1,"19":0,"20":1,"21":1,"22":0,"23":1,"24":1,"25":1,"26":0,"27":1,"28":0,"29":2},"f":{"0":1,"1":1,"2":1,"3":1,"4":1},"b":{"0":[0],"1":[0],"2":[0]}}
,"/home/julien/which-one-battle-api/src/controllers/usersController.ts": {"path":"/home/julien/which-one-battle-api/src/controllers/usersController.ts","statementMap":{"0":{"start":{"line":2,"column":0},"end":{"line":2,"column":40}},"1":{"start":{"line":3,"column":0},"end":{"line":3,"column":60}},"2":{"start":{"line":10,"column":4},"end":{"line":15,"column":5}},"3":{"start":{"line":11,"column":20},"end":{"line":11,"column":78}},"4":{"start":{"line":12,"column":6},"end":{"line":12,"column":34}},"5":{"start":{"line":14,"column":6},"end":{"line":14,"column":51}},"6":{"start":{"line":18,"column":4},"end":{"line":28,"column":5}},"7":{"start":{"line":19,"column":19},"end":{"line":20,"column":null}},"8":{"start":{"line":22,"column":6},"end":{"line":24,"column":7}},"9":{"start":{"line":23,"column":8},"end":{"line":23,"column":67}},"10":{"start":{"line":25,"column":6},"end":{"line":25,"column":33}},"11":{"start":{"line":27,"column":6},"end":{"line":27,"column":51}},"12":{"start":{"line":31,"column":4},"end":{"line":37,"column":5}},"13":{"start":{"line":32,"column":19},"end":{"line":32,"column":37}},"14":{"start":{"line":33,"column":6},"end":{"line":33,"column":24}},"15":{"start":{"line":34,"column":6},"end":{"line":34,"column":33}},"16":{"start":{"line":36,"column":6},"end":{"line":36,"column":51}},"17":{"start":{"line":40,"column":4},"end":{"line":59,"column":5}},"18":{"start":{"line":41,"column":6},"end":{"line":45,"column":7}},"19":{"start":{"line":42,"column":8},"end":{"line":44,"column":68}},"20":{"start":{"line":46,"column":17},"end":{"line":48,"column":49}},"21":{"start":{"line":50,"column":6},"end":{"line":52,"column":7}},"22":{"start":{"line":51,"column":8},"end":{"line":51,"column":67}},"23":{"start":{"line":54,"column":6},"end":{"line":54,"column":18}},"24":{"start":{"line":56,"column":6},"end":{"line":56,"column":33}},"25":{"start":{"line":58,"column":6},"end":{"line":58,"column":51}},"26":{"start":{"line":63,"column":4},"end":{"line":73,"column":5}},"27":{"start":{"line":64,"column":19},"end":{"line":65,"column":null}},"28":{"start":{"line":67,"column":6},"end":{"line":69,"column":7}},"29":{"start":{"line":68,"column":8},"end":{"line":68,"column":67}},"30":{"start":{"line":70,"column":6},"end":{"line":70,"column":33}},"31":{"start":{"line":72,"column":6},"end":{"line":72,"column":51}},"32":{"start":{"line":77,"column":0},"end":{"line":77,"column":30}}},"fnMap":{"0":{"name":"(anonymous_8)","decl":{"start":{"line":9,"column":8},"end":{"line":9,"column":14}},"loc":{"start":{"line":9,"column":42},"end":{"line":16,"column":null}}},"1":{"name":"(anonymous_10)","decl":{"start":{"line":17,"column":8},"end":{"line":17,"column":14}},"loc":{"start":{"line":17,"column":42},"end":{"line":29,"column":null}}},"2":{"name":"(anonymous_12)","decl":{"start":{"line":30,"column":8},"end":{"line":30,"column":14}},"loc":{"start":{"line":30,"column":42},"end":{"line":38,"column":null}}},"3":{"name":"(anonymous_14)","decl":{"start":{"line":39,"column":8},"end":{"line":39,"column":14}},"loc":{"start":{"line":39,"column":42},"end":{"line":60,"column":null}}},"4":{"name":"(anonymous_16)","decl":{"start":{"line":62,"column":8},"end":{"line":62,"column":14}},"loc":{"start":{"line":62,"column":42},"end":{"line":74,"column":null}}}},"branchMap":{"0":{"loc":{"start":{"line":22,"column":6},"end":{"line":24,"column":7}},"type":"if","locations":[{"start":{"line":22,"column":6},"end":{"line":24,"column":7}}]},"1":{"loc":{"start":{"line":41,"column":6},"end":{"line":45,"column":7}},"type":"if","locations":[{"start":{"line":41,"column":6},"end":{"line":45,"column":7}}]},"2":{"loc":{"start":{"line":50,"column":6},"end":{"line":52,"column":7}},"type":"if","locations":[{"start":{"line":50,"column":6},"end":{"line":52,"column":7}}]},"3":{"loc":{"start":{"line":67,"column":6},"end":{"line":69,"column":7}},"type":"if","locations":[{"start":{"line":67,"column":6},"end":{"line":69,"column":7}}]}},"s":{"0":2,"1":2,"2":1,"3":1,"4":1,"5":0,"6":1,"7":1,"8":1,"9":0,"10":1,"11":0,"12":1,"13":1,"14":1,"15":1,"16":0,"17":1,"18":1,"19":0,"20":1,"21":1,"22":0,"23":1,"24":1,"25":0,"26":1,"27":1,"28":1,"29":0,"30":1,"31":0,"32":2},"f":{"0":1,"1":1,"2":1,"3":1,"4":1},"b":{"0":[0],"1":[0],"2":[0],"3":[0]}}
,"/home/julien/which-one-battle-api/src/helpers/db.ts": {"path":"/home/julien/which-one-battle-api/src/helpers/db.ts","statementMap":{"0":{"start":{"line":1,"column":0},"end":{"line":1,"column":32}},"1":{"start":{"line":3,"column":16},"end":{"line":28,"column":2}},"2":{"start":{"line":3,"column":40},"end":{"line":28,"column":2}},"3":{"start":{"line":5,"column":4},"end":{"line":7,"column":41}},"4":{"start":{"line":9,"column":2},"end":{"line":11,"column":3}},"5":{"start":{"line":10,"column":4},"end":{"line":10,"column":56}},"6":{"start":{"line":13,"column":2},"end":{"line":15,"column":3}},"7":{"start":{"line":14,"column":4},"end":{"line":14,"column":37}},"8":{"start":{"line":17,"column":2},"end":{"line":27,"column":3}},"9":{"start":{"line":18,"column":4},"end":{"line":18,"column":38}},"10":{"start":{"line":19,"column":4},"end":{"line":21,"column":7}},"11":{"start":{"line":20,"column":6},"end":{"line":20,"column":64}},"12":{"start":{"line":22,"column":4},"end":{"line":24,"column":7}},"13":{"start":{"line":23,"column":6},"end":{"line":23,"column":44}},"14":{"start":{"line":26,"column":4},"end":{"line":26,"column":23}},"15":{"start":{"line":30,"column":0},"end":{"line":30,"column":23}}},"fnMap":{"0":{"name":"(anonymous_8)","decl":{"start":{"line":3,"column":16},"end":{"line":3,"column":23}},"loc":{"start":{"line":3,"column":40},"end":{"line":28,"column":2}}},"1":{"name":"(anonymous_9)","decl":{"start":{"line":3,"column":40},"end":{"line":3,"column":null}},"loc":{"start":{"line":3,"column":40},"end":{"line":28,"column":1}}},"2":{"name":"(anonymous_10)","decl":{"start":{"line":19,"column":42},"end":{"line":19,"column":43}},"loc":{"start":{"line":19,"column":52},"end":{"line":21,"column":5}}},"3":{"name":"(anonymous_11)","decl":{"start":{"line":22,"column":46},"end":{"line":22,"column":49}},"loc":{"start":{"line":22,"column":51},"end":{"line":24,"column":5}}}},"branchMap":{"0":{"loc":{"start":{"line":5,"column":4},"end":{"line":7,"column":41}},"type":"cond-expr","locations":[{"start":{"line":6,"column":8},"end":{"line":6,"column":40}},{"start":{"line":7,"column":8},"end":{"line":7,"column":41}}]},"1":{"loc":{"start":{"line":9,"column":2},"end":{"line":11,"column":3}},"type":"if","locations":[{"start":{"line":9,"column":2},"end":{"line":11,"column":3}}]},"2":{"loc":{"start":{"line":9,"column":6},"end":{"line":9,"column":75}},"type":"binary-expr","locations":[{"start":{"line":9,"column":6},"end":{"line":9,"column":10}},{"start":{"line":9,"column":14},"end":{"line":9,"column":45}},{"start":{"line":9,"column":49},"end":{"line":9,"column":75}}]},"3":{"loc":{"start":{"line":13,"column":2},"end":{"line":15,"column":3}},"type":"if","locations":[{"start":{"line":13,"column":2},"end":{"line":15,"column":3}}]}},"s":{"0":2,"1":2,"2":2,"3":2,"4":2,"5":2,"6":2,"7":0,"8":2,"9":2,"10":2,"11":0,"12":2,"13":0,"14":0,"15":2},"f":{"0":2,"1":2,"2":0,"3":0},"b":{"0":[0,2],"1":[2],"2":[2,2,2],"3":[0]}}
,"/home/julien/which-one-battle-api/src/helpers/dbErrorHandler.ts": {"path":"/home/julien/which-one-battle-api/src/helpers/dbErrorHandler.ts","statementMap":{"0":{"start":{"line":1,"column":24},"end":{"line":18,"column":1}},"1":{"start":{"line":2,"column":16},"end":{"line":2,"column":18}},"2":{"start":{"line":3,"column":2},"end":{"line":16,"column":3}},"3":{"start":{"line":4,"column":4},"end":{"line":11,"column":5}},"4":{"start":{"line":7,"column":8},"end":{"line":7,"column":45}},"5":{"start":{"line":8,"column":8},"end":{"line":8,"column":14}},"6":{"start":{"line":10,"column":8},"end":{"line":10,"column":41}},"7":{"start":{"line":13,"column":4},"end":{"line":15,"column":5}},"8":{"start":{"line":14,"column":6},"end":{"line":14,"column":77}},"9":{"start":{"line":14,"column":39},"end":{"line":14,"column":77}},"10":{"start":{"line":17,"column":2},"end":{"line":17,"column":17}},"11":{"start":{"line":37,"column":9},"end":{"line":37,"column":24}},"12":{"start":{"line":20,"column":30},"end":{"line":35,"column":1}},"13":{"start":{"line":22,"column":2},"end":{"line":33,"column":3}},"14":{"start":{"line":23,"column":20},"end":{"line":25,"column":null}},"15":{"start":{"line":27,"column":4},"end":{"line":30,"column":24}},"16":{"start":{"line":32,"column":4},"end":{"line":32,"column":43}},"17":{"start":{"line":34,"column":2},"end":{"line":34,"column":16}}},"fnMap":{"0":{"name":"(anonymous_0)","decl":{"start":{"line":1,"column":24},"end":{"line":1,"column":25}},"loc":{"start":{"line":1,"column":37},"end":{"line":18,"column":1}}},"1":{"name":"(anonymous_1)","decl":{"start":{"line":20,"column":30},"end":{"line":20,"column":31}},"loc":{"start":{"line":20,"column":43},"end":{"line":35,"column":1}}}},"branchMap":{"0":{"loc":{"start":{"line":3,"column":2},"end":{"line":16,"column":3}},"type":"if","locations":[{"start":{"line":3,"column":2},"end":{"line":16,"column":3}},{"start":{"line":12,"column":9},"end":{"line":16,"column":3}}]},"1":{"loc":{"start":{"line":4,"column":4},"end":{"line":11,"column":5}},"type":"switch","locations":[{"start":{"line":5,"column":6},"end":{"line":5,"column":17}},{"start":{"line":6,"column":6},"end":{"line":8,"column":14}},{"start":{"line":9,"column":6},"end":{"line":10,"column":41}}]},"2":{"loc":{"start":{"line":14,"column":6},"end":{"line":14,"column":77}},"type":"if","locations":[{"start":{"line":14,"column":6},"end":{"line":14,"column":77}}]}},"s":{"0":2,"1":0,"2":0,"3":0,"4":0,"5":0,"6":0,"7":0,"8":0,"9":0,"10":0,"11":2,"12":2,"13":0,"14":0,"15":0,"16":0,"17":0},"f":{"0":0,"1":0},"b":{"0":[0,0],"1":[0,0,0],"2":[0]}}
,"/home/julien/which-one-battle-api/src/models/battle.model.ts": {"path":"/home/julien/which-one-battle-api/src/models/battle.model.ts","statementMap":{"0":{"start":{"line":7,"column":0},"end":{"line":7,"column":51}},"1":{"start":{"line":18,"column":21},"end":{"line":48,"column":2}},"2":{"start":{"line":50,"column":0},"end":{"line":50,"column":45}}},"fnMap":{},"branchMap":{},"s":{"0":2,"1":2,"2":2},"f":{},"b":{}}
,"/home/julien/which-one-battle-api/src/models/user.model.ts": {"path":"/home/julien/which-one-battle-api/src/models/user.model.ts","statementMap":{"0":{"start":{"line":2,"column":0},"end":{"line":2,"column":51}},"1":{"start":{"line":3,"column":0},"end":{"line":3,"column":41}},"2":{"start":{"line":17,"column":19},"end":{"line":46,"column":2}},"3":{"start":{"line":48,"column":0},"end":{"line":56,"column":5}},"4":{"start":{"line":50,"column":4},"end":{"line":50,"column":30}},"5":{"start":{"line":51,"column":4},"end":{"line":51,"column":32}},"6":{"start":{"line":52,"column":4},"end":{"line":52,"column":57}},"7":{"start":{"line":55,"column":4},"end":{"line":55,"column":26}},"8":{"start":{"line":58,"column":0},"end":{"line":73,"column":2}},"9":{"start":{"line":60,"column":4},"end":{"line":60,"column":67}},"10":{"start":{"line":63,"column":4},"end":{"line":63,"column":29}},"11":{"start":{"line":63,"column":19},"end":{"line":63,"column":29}},"12":{"start":{"line":64,"column":4},"end":{"line":68,"column":5}},"13":{"start":{"line":65,"column":6},"end":{"line":65,"column":74}},"14":{"start":{"line":67,"column":6},"end":{"line":67,"column":16}},"15":{"start":{"line":71,"column":4},"end":{"line":71,"column":65}},"16":{"start":{"line":75,"column":0},"end":{"line":82,"column":34}},"17":{"start":{"line":76,"column":2},"end":{"line":78,"column":3}},"18":{"start":{"line":77,"column":4},"end":{"line":77,"column":75}},"19":{"start":{"line":79,"column":2},"end":{"line":81,"column":3}},"20":{"start":{"line":80,"column":4},"end":{"line":80,"column":56}},"21":{"start":{"line":84,"column":0},"end":{"line":84,"column":41}}},"fnMap":{"0":{"name":"(anonymous_0)","decl":{"start":{"line":49,"column":7},"end":{"line":49,"column":17}},"loc":{"start":{"line":49,"column":33},"end":{"line":53,"column":3}}},"1":{"name":"(anonymous_1)","decl":{"start":{"line":54,"column":7},"end":{"line":54,"column":null}},"loc":{"start":{"line":54,"column":7},"end":{"line":56,"column":3}}},"2":{"name":"(anonymous_2)","decl":{"start":{"line":59,"column":16},"end":{"line":59,"column":26}},"loc":{"start":{"line":59,"column":43},"end":{"line":61,"column":3}}},"3":{"name":"(anonymous_3)","decl":{"start":{"line":62,"column":19},"end":{"line":62,"column":29}},"loc":{"start":{"line":62,"column":45},"end":{"line":69,"column":3}}},"4":{"name":"(anonymous_4)","decl":{"start":{"line":70,"column":12},"end":{"line":70,"column":null}},"loc":{"start":{"line":70,"column":12},"end":{"line":72,"column":3}}},"5":{"name":"(anonymous_5)","decl":{"start":{"line":75,"column":43},"end":{"line":75,"column":53}},"loc":{"start":{"line":75,"column":62},"end":{"line":82,"column":1}}}},"branchMap":{"0":{"loc":{"start":{"line":63,"column":4},"end":{"line":63,"column":29}},"type":"if","locations":[{"start":{"line":63,"column":4},"end":{"line":63,"column":29}}]},"1":{"loc":{"start":{"line":76,"column":2},"end":{"line":78,"column":3}},"type":"if","locations":[{"start":{"line":76,"column":2},"end":{"line":78,"column":3}}]},"2":{"loc":{"start":{"line":76,"column":6},"end":{"line":76,"column":49}},"type":"binary-expr","locations":[{"start":{"line":76,"column":6},"end":{"line":76,"column":20}},{"start":{"line":76,"column":24},"end":{"line":76,"column":49}}]},"3":{"loc":{"start":{"line":79,"column":2},"end":{"line":81,"column":3}},"type":"if","locations":[{"start":{"line":79,"column":2},"end":{"line":81,"column":3}}]},"4":{"loc":{"start":{"line":79,"column":6},"end":{"line":79,"column":35}},"type":"binary-expr","locations":[{"start":{"line":79,"column":6},"end":{"line":79,"column":16}},{"start":{"line":79,"column":20},"end":{"line":79,"column":35}}]}},"s":{"0":2,"1":2,"2":2,"3":2,"4":5,"5":5,"6":5,"7":0,"8":2,"9":0,"10":5,"11":0,"12":5,"13":5,"14":0,"15":5,"16":2,"17":5,"18":0,"19":5,"20":0,"21":2},"f":{"0":5,"1":0,"2":0,"3":5,"4":5,"5":5},"b":{"0":[0],"1":[0],"2":[5,5],"3":[0],"4":[5,5]}}
,"/home/julien/which-one-battle-api/src/routes/battle.router.ts": {"path":"/home/julien/which-one-battle-api/src/routes/battle.router.ts","statementMap":{"0":{"start":{"line":1,"column":0},"end":{"line":1,"column":36}},"1":{"start":{"line":2,"column":0},"end":{"line":2,"column":63}},"2":{"start":{"line":4,"column":15},"end":{"line":4,"column":23}},"3":{"start":{"line":5,"column":25},"end":{"line":5,"column":47}},"4":{"start":{"line":7,"column":0},"end":{"line":12,"column":43}},"5":{"start":{"line":14,"column":0},"end":{"line":14,"column":22}}},"fnMap":{},"branchMap":{},"s":{"0":2,"1":2,"2":2,"3":2,"4":2,"5":2},"f":{},"b":{}}
,"/home/julien/which-one-battle-api/src/routes/user.router.ts": {"path":"/home/julien/which-one-battle-api/src/routes/user.router.ts","statementMap":{"0":{"start":{"line":1,"column":0},"end":{"line":1,"column":33}},"1":{"start":{"line":2,"column":0},"end":{"line":2,"column":60}},"2":{"start":{"line":4,"column":15},"end":{"line":4,"column":23}},"3":{"start":{"line":5,"column":23},"end":{"line":5,"column":43}},"4":{"start":{"line":7,"column":0},"end":{"line":12,"column":41}},"5":{"start":{"line":14,"column":0},"end":{"line":14,"column":22}}},"fnMap":{},"branchMap":{},"s":{"0":2,"1":2,"2":2,"3":2,"4":2,"5":2},"f":{},"b":{}}
,"/home/julien/which-one-battle-api/src/tests/testData.ts": {"path":"/home/julien/which-one-battle-api/src/tests/testData.ts","statementMap":{"0":{"start":{"line":8,"column":18},"end":{"line":12,"column":2}},"1":{"start":{"line":19,"column":9},"end":{"line":19,"column":14}},"2":{"start":{"line":13,"column":20},"end":{"line":17,"column":2}},"3":{"start":{"line":19,"column":16},"end":{"line":19,"column":21}}},"fnMap":{},"branchMap":{},"s":{"0":2,"1":2,"2":2,"3":2},"f":{},"b":{}}
}
