TN:
SF:src/app.ts
FN:19,(anonymous_1)
FNF:1
FNH:0
FNDA:0,(anonymous_1)
DA:1,2
DA:2,2
DA:3,2
DA:4,2
DA:5,2
DA:6,2
DA:7,2
DA:9,2
DA:11,2
DA:12,2
DA:13,2
DA:14,2
DA:16,2
DA:17,2
DA:19,2
DA:20,0
DA:23,2
LF:17
LH:16
BRF:0
BRH:0
end_of_record
TN:
SF:src/controllers/battleController.ts
FN:9,(anonymous_8)
FN:20,(anonymous_10)
FN:34,(anonymous_12)
FN:45,(anonymous_14)
FN:67,(anonymous_16)
FNF:5
FNH:5
FNDA:1,(anonymous_8)
FNDA:1,(anonymous_10)
FNDA:1,(anonymous_12)
FNDA:1,(anonymous_14)
FNDA:1,(anonymous_16)
DA:1,2
DA:10,1
DA:11,1
DA:14,1
DA:16,0
DA:21,1
DA:22,1
DA:25,1
DA:26,0
DA:28,1
DA:30,0
DA:35,1
DA:36,1
DA:38,1
DA:39,1
DA:41,0
DA:46,1
DA:47,1
DA:55,1
DA:56,0
DA:59,1
DA:61,1
DA:63,0
DA:68,1
DA:69,1
DA:72,1
DA:73,0
DA:75,1
DA:77,0
DA:82,2
LF:30
LH:22
BRDA:25,0,0,0
BRDA:55,1,0,0
BRDA:72,2,0,0
BRF:3
BRH:0
end_of_record
TN:
SF:src/controllers/usersController.ts
FN:9,(anonymous_8)
FN:17,(anonymous_10)
FN:30,(anonymous_12)
FN:39,(anonymous_14)
FN:62,(anonymous_16)
FNF:5
FNH:5
FNDA:1,(anonymous_8)
FNDA:1,(anonymous_10)
FNDA:1,(anonymous_12)
FNDA:1,(anonymous_14)
FNDA:1,(anonymous_16)
DA:2,2
DA:3,2
DA:10,1
DA:11,1
DA:12,1
DA:14,0
DA:18,1
DA:19,1
DA:22,1
DA:23,0
DA:25,1
DA:27,0
DA:31,1
DA:32,1
DA:33,1
DA:34,1
DA:36,0
DA:40,1
DA:41,1
DA:42,0
DA:46,1
DA:50,1
DA:51,0
DA:54,1
DA:56,1
DA:58,0
DA:63,1
DA:64,1
DA:67,1
DA:68,0
DA:70,1
DA:72,0
DA:77,2
LF:33
LH:24
BRDA:22,0,0,0
BRDA:41,1,0,0
BRDA:50,2,0,0
BRDA:67,3,0,0
BRF:4
BRH:0
end_of_record
TN:
SF:src/helpers/db.ts
FN:3,(anonymous_8)
FN:3,(anonymous_9)
FN:19,(anonymous_10)
FN:22,(anonymous_11)
FNF:4
FNH:2
FNDA:2,(anonymous_8)
FNDA:2,(anonymous_9)
FNDA:0,(anonymous_10)
FNDA:0,(anonymous_11)
DA:1,2
DA:3,2
DA:5,2
DA:9,2
DA:10,2
DA:13,2
DA:14,0
DA:17,2
DA:18,2
DA:19,2
DA:20,0
DA:22,2
DA:23,0
DA:26,0
DA:30,2
LF:15
LH:11
BRDA:5,0,0,0
BRDA:5,0,1,2
BRDA:9,1,0,2
BRDA:9,2,0,2
BRDA:9,2,1,2
BRDA:9,2,2,2
BRDA:13,3,0,0
BRF:7
BRH:5
end_of_record
TN:
SF:src/helpers/dbErrorHandler.ts
FN:1,(anonymous_0)
FN:20,(anonymous_1)
FNF:2
FNH:0
FNDA:0,(anonymous_0)
FNDA:0,(anonymous_1)
DA:1,2
DA:2,0
DA:3,0
DA:4,0
DA:7,0
DA:8,0
DA:10,0
DA:13,0
DA:14,0
DA:17,0
DA:20,2
DA:22,0
DA:23,0
DA:27,0
DA:32,0
DA:34,0
DA:37,2
LF:17
LH:3
BRDA:3,0,0,0
BRDA:3,0,1,0
BRDA:4,1,0,0
BRDA:4,1,1,0
BRDA:4,1,2,0
BRDA:14,2,0,0
BRF:6
BRH:0
end_of_record
TN:
SF:src/models/battle.model.ts
FNF:0
FNH:0
DA:7,2
DA:18,2
DA:50,2
LF:3
LH:3
BRF:0
BRH:0
end_of_record
TN:
SF:src/models/user.model.ts
FN:49,(anonymous_0)
FN:54,(anonymous_1)
FN:59,(anonymous_2)
FN:62,(anonymous_3)
FN:70,(anonymous_4)
FN:75,(anonymous_5)
FNF:6
FNH:4
FNDA:5,(anonymous_0)
FNDA:0,(anonymous_1)
FNDA:0,(anonymous_2)
FNDA:5,(anonymous_3)
FNDA:5,(anonymous_4)
FNDA:5,(anonymous_5)
DA:2,2
DA:3,2
DA:17,2
DA:48,2
DA:50,5
DA:51,5
DA:52,5
DA:55,0
DA:58,2
DA:60,0
DA:63,5
DA:64,5
DA:65,5
DA:67,0
DA:71,5
DA:75,2
DA:76,5
DA:77,0
DA:79,5
DA:80,0
DA:84,2
LF:21
LH:16
BRDA:63,0,0,0
BRDA:76,1,0,0
BRDA:76,2,0,5
BRDA:76,2,1,5
BRDA:79,3,0,0
BRDA:79,4,0,5
BRDA:79,4,1,5
BRF:7
BRH:4
end_of_record
TN:
SF:src/routes/battle.router.ts
FNF:0
FNH:0
DA:1,2
DA:2,2
DA:4,2
DA:5,2
DA:7,2
DA:14,2
LF:6
LH:6
BRF:0
BRH:0
end_of_record
TN:
SF:src/routes/user.router.ts
FNF:0
FNH:0
DA:1,2
DA:2,2
DA:4,2
DA:5,2
DA:7,2
DA:14,2
LF:6
LH:6
BRF:0
BRH:0
end_of_record
TN:
SF:src/tests/testData.ts
FNF:0
FNH:0
DA:8,2
DA:13,2
DA:19,2
LF:3
LH:3
BRF:0
BRH:0
end_of_record
